2026-03-31 14:37:13 | INFO | SENT | context=test1 | sender=ayesha.khan@taleemabad.com | recipients=['jawwad.ali@taleemabad.com']
2026-03-31 14:38:22 | INFO | SENT | context=test1 | sender=ayesha.khan@taleemabad.com | recipients=['jawwad.ali@taleemabad.com']
2026-03-31 14:38:22 | WARNING | BLOCKED | context=test2 | sender=ayesha.khan@taleemabad.com | blocked_recipients=['random.person@gmail.com'] | all_recipients=['random.person@gmail.com']
2026-03-31 14:38:22 | INFO | SENT | context=test3 | sender=ayesha.khan@taleemabad.com | recipients=['noorscheherazade@gmail.com', 'hiring@taleemabad.com']
2026-03-31 15:24:19 | INFO | SENT | context=job32_values_invite_ayesha.khan@taleemabad.com | sender=ayesha.khan@taleemabad.com | recipients=['ayesha.khan@taleemabad.com']
2026-03-31 15:24:22 | INFO | SENT | context=job32_values_invite_jawwad.ali@taleemabad.com | sender=ayesha.khan@taleemabad.com | recipients=['jawwad.ali@taleemabad.com']
2026-03-31 15:28:07 | INFO | SENT | context=job32_values_invite_ayesha.khan@taleemabad.com | sender=ayesha.khan@taleemabad.com | recipients=['ayesha.khan@taleemabad.com']
2026-03-31 15:28:11 | INFO | SENT | context=job32_values_invite_jawwad.ali@taleemabad.com | sender=ayesha.khan@taleemabad.com | recipients=['jawwad.ali@taleemabad.com']
2026-03-31 15:30:39 | INFO | SENT | context=job32_values_invite_dan.baloach@gmail.com | sender=ayesha.khan@taleemabad.com | recipients=['dan.baloach@gmail.com', 'hiring@taleemabad.com', 'sabeena.abbasi@taleemabad.com', 'jawwad.ali@taleemabad.com', 'ayesha.khan@taleemabad.com']
2026-03-31 15:30:43 | INFO | SENT | context=job32_values_invite_mohammadadnan786@hotmail.com | sender=ayesha.khan@taleemabad.com | recipients=['mohammadadnan786@hotmail.com', 'hiring@taleemabad.com', 'sabeena.abbasi@taleemabad.com', 'jawwad.ali@taleemabad.com', 'ayesha.khan@taleemabad.com']
2026-03-31 15:30:47 | INFO | SENT | context=job32_values_invite_shahzadsaleemabbasi@gmail.com | sender=ayesha.khan@taleemabad.com | recipients=['shahzadsaleemabbasi@gmail.com', 'hiring@taleemabad.com', 'sabeena.abbasi@taleemabad.com', 'jawwad.ali@taleemabad.com', 'ayesha.khan@taleemabad.com']
2026-03-31 15:30:50 | INFO | SENT | context=job32_values_invite_arsmakh@gmail.com | sender=ayesha.khan@taleemabad.com | recipients=['arsmakh@gmail.com', 'hiring@taleemabad.com', 'sabeena.abbasi@taleemabad.com', 'jawwad.ali@taleemabad.com', 'ayesha.khan@taleemabad.com']
2026-03-31 15:30:54 | INFO | SENT | context=job32_values_invite_Mushahid.qau514@gmail.com | sender=ayesha.khan@taleemabad.com | recipients=['Mushahid.qau514@gmail.com', 'hiring@taleemabad.com', 'sabeena.abbasi@taleemabad.com', 'jawwad.ali@taleemabad.com', 'ayesha.khan@taleemabad.com']
2026-03-31 15:30:58 | INFO | SENT | context=job32_values_invite_baigfaheem88@gmail.com | sender=ayesha.khan@taleemabad.com | recipients=['baigfaheem88@gmail.com', 'hiring@taleemabad.com', 'sabeena.abbasi@taleemabad.com', 'jawwad.ali@taleemabad.com', 'ayesha.khan@taleemabad.com']
2026-03-31 15:46:44 | INFO | SENT | context=send_job36_case_study_report_v5 | sender=ayesha.khan@taleemabad.com | recipients=['muzzammil.patel@taleemabad.com', 'hiring@taleemabad.com', 'ayesha.khan@taleemabad.com', 'sabeena.abbasi@taleemabad.com']
2026-03-31 16:42:22 | INFO | SENT | context=send_job32_case_study_report | sender=ayesha.khan@taleemabad.com | recipients=['ayesha.khan@taleemabad.com', 'jawwad.ali@taleemabad.com']
2026-03-31 17:05:29 | INFO | SENT | context=send_job32_case_study_report | sender=ayesha.khan@taleemabad.com | recipients=['ayesha.khan@taleemabad.com', 'jawwad.ali@taleemabad.com']
2026-03-31 17:29:48 | INFO | SENT | context=send_job32_case_study_report | sender=ayesha.khan@taleemabad.com | recipients=['ayesha.khan@taleemabad.com', 'jawwad.ali@taleemabad.com']
2026-04-02 13:18:34 | INFO | SENT | context=job36_rejection_pilot_new_batch | sender=ayesha.khan@taleemabad.com | recipients=['ayesha.khan@taleemabad.com', 'jawwad.ali@taleemabad.com']
2026-04-02 13:24:34 | INFO | SENT | context=job36_rejection_pilot_new_batch | sender=ayesha.khan@taleemabad.com | recipients=['ayesha.khan@taleemabad.com', 'jawwad.ali@taleemabad.com']
2026-04-02 13:28:24 | INFO | SENT | context=job36_rejection_live_new_batch_2124 | sender=ayesha.khan@taleemabad.com | recipients=['hafizaiqrabashir@hotmail.com', 'hiring@taleemabad.com', 'ayesha.khan@taleemabad.com']
2026-04-02 13:28:28 | INFO | SENT | context=job36_rejection_live_new_batch_2122 | sender=ayesha.khan@taleemabad.com | recipients=['alihaiderbaloch1512@gmail.com', 'hiring@taleemabad.com', 'ayesha.khan@taleemabad.com']
2026-04-02 13:28:31 | INFO | SENT | context=job36_rejection_live_new_batch_2119 | sender=ayesha.khan@taleemabad.com | recipients=['hasstahir395@gmail.com', 'hiring@taleemabad.com', 'ayesha.khan@taleemabad.com']
2026-04-02 13:28:34 | INFO | SENT | context=job36_rejection_live_new_batch_2108 | sender=ayesha.khan@taleemabad.com | recipients=['hibaahmed7604@gmail.com', 'hiring@taleemabad.com', 'ayesha.khan@taleemabad.com']
2026-04-02 13:28:37 | INFO | SENT | context=job36_rejection_live_new_batch_2106 | sender=ayesha.khan@taleemabad.com | recipients=['farismeherali@gmail.com', 'hiring@taleemabad.com', 'ayesha.khan@taleemabad.com']
2026-04-02 13:28:40 | INFO | SENT | context=job36_rejection_live_new_batch_2105 | sender=ayesha.khan@taleemabad.com | recipients=['hamzasikhan@gmail.com', 'hiring@taleemabad.com', 'ayesha.khan@taleemabad.com']
2026-04-02 13:28:43 | INFO | SENT | context=job36_rejection_live_new_batch_2103 | sender=ayesha.khan@taleemabad.com | recipients=['Attiqua.urfaabdullah786@gmail.com', 'hiring@taleemabad.com', 'ayesha.khan@taleemabad.com']
2026-04-02 13:28:46 | INFO | SENT | context=job36_rejection_live_new_batch_2090 | sender=ayesha.khan@taleemabad.com | recipients=['26020521@lums.edu.pk', 'hiring@taleemabad.com', 'ayesha.khan@taleemabad.com']
2026-04-02 13:28:49 | INFO | SENT | context=job36_rejection_live_new_batch_2079 | sender=ayesha.khan@taleemabad.com | recipients=['ummef127@gmail.com', 'hiring@taleemabad.com', 'ayesha.khan@taleemabad.com']
2026-04-02 13:28:52 | INFO | SENT | context=job36_rejection_live_new_batch_2061 | sender=ayesha.khan@taleemabad.com | recipients=['eashaimtiaz4@gmail.com', 'hiring@taleemabad.com', 'ayesha.khan@taleemabad.com']
2026-04-02 13:28:55 | INFO | SENT | context=job36_rejection_live_new_batch_2053 | sender=ayesha.khan@taleemabad.com | recipients=['sattarh630@gmail.com', 'hiring@taleemabad.com', 'ayesha.khan@taleemabad.com']
2026-04-02 13:28:58 | INFO | SENT | context=job36_rejection_live_new_batch_2050 | sender=ayesha.khan@taleemabad.com | recipients=['anoshaumer19@gmail.com', 'hiring@taleemabad.com', 'ayesha.khan@taleemabad.com']
2026-04-02 13:29:01 | INFO | SENT | context=job36_rejection_live_new_batch_2029 | sender=ayesha.khan@taleemabad.com | recipients=['26100287@lums.edu.pk', 'hiring@taleemabad.com', 'ayesha.khan@taleemabad.com']
2026-04-02 13:29:04 | INFO | SENT | context=job36_rejection_live_new_batch_2024 | sender=ayesha.khan@taleemabad.com | recipients=['mohidsufi@gmail.com', 'hiring@taleemabad.com', 'ayesha.khan@taleemabad.com']
2026-04-02 13:29:07 | INFO | SENT | context=job36_rejection_live_new_batch_2022 | sender=ayesha.khan@taleemabad.com | recipients=['sughra.maheenn@gmail.com', 'hiring@taleemabad.com', 'ayesha.khan@taleemabad.com']
2026-04-02 14:43:18 | INFO | SENT | context=job36_pipeline_report_pilot | sender=ayesha.khan@taleemabad.com | recipients=['ayesha.khan@taleemabad.com', 'jawwad.ali@taleemabad.com']
2026-04-02 15:33:39 | INFO | SENT | context=job36_decision_brief_pilot | sender=ayesha.khan@taleemabad.com | recipients=['ayesha.khan@taleemabad.com', 'jawwad.ali@taleemabad.com']
2026-04-02 15:49:47 | INFO | SENT | context=job36_decision_brief_pilot | sender=ayesha.khan@taleemabad.com | recipients=['ayesha.khan@taleemabad.com', 'jawwad.ali@taleemabad.com']
2026-04-02 15:54:28 | INFO | SENT | context=job36_decision_brief_pilot | sender=ayesha.khan@taleemabad.com | recipients=['ayesha.khan@taleemabad.com', 'jawwad.ali@taleemabad.com']
2026-04-02 16:10:22 | INFO | SENT | context=job36_decision_brief_pilot | sender=ayesha.khan@taleemabad.com | recipients=['ayesha.khan@taleemabad.com', 'jawwad.ali@taleemabad.com']
2026-04-02 16:16:09 | INFO | file_cache is only supported with oauth2client<4.0.0
2026-04-02 16:16:10 | WARNING | Encountered 403 Forbidden with reason "accessNotConfigured"
2026-04-02 16:17:21 | INFO | file_cache is only supported with oauth2client<4.0.0
2026-04-02 16:17:51 | INFO | SENT | context=job36_decision_brief_pilot | sender=ayesha.khan@taleemabad.com | recipients=['ayesha.khan@taleemabad.com', 'jawwad.ali@taleemabad.com']
2026-04-02 16:20:06 | INFO | file_cache is only supported with oauth2client<4.0.0
2026-04-02 16:20:36 | INFO | SENT | context=job36_decision_brief_pilot | sender=ayesha.khan@taleemabad.com | recipients=['ayesha.khan@taleemabad.com', 'jawwad.ali@taleemabad.com']
2026-04-02 16:25:11 | INFO | file_cache is only supported with oauth2client<4.0.0
2026-04-02 16:25:39 | INFO | SENT | context=job36_decision_brief_pilot | sender=ayesha.khan@taleemabad.com | recipients=['ayesha.khan@taleemabad.com', 'jawwad.ali@taleemabad.com']
2026-04-02 16:27:39 | INFO | file_cache is only supported with oauth2client<4.0.0
2026-04-02 16:28:08 | INFO | SENT | context=job36_decision_brief_pilot | sender=ayesha.khan@taleemabad.com | recipients=['ayesha.khan@taleemabad.com', 'jawwad.ali@taleemabad.com']
2026-04-02 16:31:01 | INFO | file_cache is only supported with oauth2client<4.0.0
2026-04-02 16:31:33 | INFO | SENT | context=job36_decision_brief_pilot | sender=ayesha.khan@taleemabad.com | recipients=['ayesha.khan@taleemabad.com', 'jawwad.ali@taleemabad.com']
2026-04-02 19:29:24 | INFO | SENT | context=job32_values_invite_ayesha.khan@taleemabad.com | sender=ayesha.khan@taleemabad.com | recipients=['ayesha.khan@taleemabad.com']
2026-04-02 19:29:28 | INFO | SENT | context=job32_values_invite_jawwad.ali@taleemabad.com | sender=ayesha.khan@taleemabad.com | recipients=['jawwad.ali@taleemabad.com']
2026-04-02 19:34:23 | INFO | SENT | context=job32_values_invite_huma.mumtaz3@gmail.com | sender=ayesha.khan@taleemabad.com | recipients=['huma.mumtaz3@gmail.com', 'hiring@taleemabad.com', 'sabeena.abbasi@taleemabad.com', 'jawwad.ali@taleemabad.com', 'ayesha.khan@taleemabad.com']
2026-04-06 11:49:58 | INFO | SENT | context=job32_decision_brief_pilot | sender=ayesha.khan@taleemabad.com | recipients=['ayesha.khan@taleemabad.com', 'jawwad.ali@taleemabad.com']
2026-04-06 12:25:07 | INFO | file_cache is only supported with oauth2client<4.0.0
2026-04-06 12:25:19 | INFO | SENT | context=job32_decision_brief_pilot | sender=ayesha.khan@taleemabad.com | recipients=['ayesha.khan@taleemabad.com', 'jawwad.ali@taleemabad.com']
2026-04-06 12:48:28 | INFO | file_cache is only supported with oauth2client<4.0.0
2026-04-06 12:48:39 | INFO | SENT | context=job32_decision_brief_pilot | sender=ayesha.khan@taleemabad.com | recipients=['ayesha.khan@taleemabad.com', 'jawwad.ali@taleemabad.com']
2026-04-06 12:55:36 | INFO | file_cache is only supported with oauth2client<4.0.0
2026-04-06 12:55:47 | INFO | SENT | context=job32_decision_brief_pilot | sender=ayesha.khan@taleemabad.com | recipients=['ayesha.khan@taleemabad.com', 'jawwad.ali@taleemabad.com']
2026-04-06 13:04:00 | INFO | file_cache is only supported with oauth2client<4.0.0
2026-04-06 13:04:23 | INFO | SENT | context=job32_decision_brief_pilot | sender=ayesha.khan@taleemabad.com | recipients=['ayesha.khan@taleemabad.com', 'jawwad.ali@taleemabad.com']
2026-04-06 13:08:59 | INFO | file_cache is only supported with oauth2client<4.0.0
2026-04-06 13:09:21 | INFO | SENT | context=job32_decision_brief_pilot | sender=ayesha.khan@taleemabad.com | recipients=['ayesha.khan@taleemabad.com', 'jawwad.ali@taleemabad.com']
2026-04-06 13:11:00 | INFO | file_cache is only supported with oauth2client<4.0.0
2026-04-06 13:11:22 | INFO | SENT | context=job32_decision_brief_pilot | sender=ayesha.khan@taleemabad.com | recipients=['ayesha.khan@taleemabad.com', 'jawwad.ali@taleemabad.com']
2026-04-06 13:14:15 | INFO | file_cache is only supported with oauth2client<4.0.0
2026-04-06 13:14:37 | INFO | SENT | context=job32_decision_brief_pilot | sender=ayesha.khan@taleemabad.com | recipients=['ayesha.khan@taleemabad.com', 'jawwad.ali@taleemabad.com']
2026-04-06 13:18:20 | INFO | file_cache is only supported with oauth2client<4.0.0
2026-04-06 13:18:42 | INFO | SENT | context=job32_decision_brief_live | sender=ayesha.khan@taleemabad.com | recipients=['sabeena.abbasi@taleemabad.com', 'haroon.yasin@taleemabad.com', 'hiring@taleemabad.com', 'ayesha.khan@taleemabad.com']
2026-04-06 14:44:05 | INFO | SENT | context=job26_screening_report_pilot | sender=ayesha.khan@taleemabad.com | recipients=['ayesha.khan@taleemabad.com']
2026-04-06 15:13:03 | INFO | SENT | context=job26_screening_report_pilot | sender=ayesha.khan@taleemabad.com | recipients=['ayesha.khan@taleemabad.com']
2026-04-06 15:26:23 | INFO | file_cache is only supported with oauth2client<4.0.0
2026-04-06 15:26:56 | INFO | SENT | context=job26_screening_report_pilot | sender=ayesha.khan@taleemabad.com | recipients=['ayesha.khan@taleemabad.com']
2026-04-06 15:32:04 | INFO | file_cache is only supported with oauth2client<4.0.0
2026-04-06 15:32:40 | INFO | SENT | context=job26_screening_report_live | sender=ayesha.khan@taleemabad.com | recipients=['waqas.tanveer@taleemabad.com', 'hiring@taleemabad.com', 'ayesha.khan@taleemabad.com']
2026-04-06 18:14:02 | INFO | SENT | context=feedback_widget_preview | sender=ayesha.khan@taleemabad.com | recipients=['ayesha.khan@taleemabad.com', 'jawwad.ali@taleemabad.com']
2026-04-07 13:00:44 | INFO | SENT | context=job17_unzeela_values_invite_pilot | sender=ayesha.khan@taleemabad.com | recipients=['ayesha.khan@taleemabad.com']
2026-04-07 13:01:55 | INFO | SENT | context=job17_unzeela_values_invite_live | sender=ayesha.khan@taleemabad.com | recipients=['unzilak21@gmail.com', 'hiring@taleemabad.com', 'ayesha.khan@taleemabad.com', 'Hasnat@niete.edu.pk']
2026-04-07 15:09:04 | INFO | SENT | context=job35_values_feedback_pilot_Muhammad_Junaid | sender=ayesha.khan@taleemabad.com | recipients=['ayesha.khan@taleemabad.com']
2026-04-07 15:09:07 | INFO | SENT | context=job35_values_feedback_pilot_Rabia_Zafar | sender=ayesha.khan@taleemabad.com | recipients=['ayesha.khan@taleemabad.com']
2026-04-07 15:09:11 | INFO | SENT | context=job35_values_feedback_pilot_Zeeshan_Ali | sender=ayesha.khan@taleemabad.com | recipients=['ayesha.khan@taleemabad.com']
2026-04-07 15:16:13 | INFO | SENT | context=job35_values_feedback_pilot_Muhammad_Junaid | sender=ayesha.khan@taleemabad.com | recipients=['ayesha.khan@taleemabad.com']
2026-04-07 15:16:16 | INFO | SENT | context=job35_values_feedback_pilot_Rabia_Zafar | sender=ayesha.khan@taleemabad.com | recipients=['ayesha.khan@taleemabad.com']
2026-04-07 15:16:20 | INFO | SENT | context=job35_values_feedback_pilot_Zeeshan_Ali | sender=ayesha.khan@taleemabad.com | recipients=['ayesha.khan@taleemabad.com']
2026-04-07 15:16:23 | INFO | SENT | context=job35_cv_rejection_pilot_Zainab_Azhar | sender=ayesha.khan@taleemabad.com | recipients=['ayesha.khan@taleemabad.com']
2026-04-07 15:16:26 | INFO | SENT | context=job35_cv_rejection_pilot_Midhat_Fatima | sender=ayesha.khan@taleemabad.com | recipients=['ayesha.khan@taleemabad.com']
2026-04-07 15:19:10 | INFO | SENT | context=job35_cv_rejection_pilot_Zainab_Azhar | sender=ayesha.khan@taleemabad.com | recipients=['ayesha.khan@taleemabad.com']
2026-04-07 15:19:13 | INFO | SENT | context=job35_cv_rejection_pilot_Midhat_Fatima | sender=ayesha.khan@taleemabad.com | recipients=['ayesha.khan@taleemabad.com']
2026-04-07 19:18:00 | INFO | SENT | context=job35_rejection_pilot_all | sender=ayesha.khan@taleemabad.com | recipients=['ayesha.khan@taleemabad.com', 'jawwad.ali@taleemabad.com']
2026-04-07 19:29:37 | INFO | SENT | context=job35_single_pilot_aimen | sender=ayesha.khan@taleemabad.com | recipients=['ayesha.khan@taleemabad.com']
2026-04-07 19:38:32 | INFO | SENT | context=job35_cv_rejection_live_Aimen_Abbasi | sender=ayesha.khan@taleemabad.com | recipients=['asabbasi303@gmail.com', 'hiring@taleemabad.com', 'ayesha.khan@taleemabad.com']
2026-04-07 19:38:36 | INFO | SENT | context=job35_cv_rejection_live_Syeda_Riffat_Aliya | sender=ayesha.khan@taleemabad.com | recipients=['aliyabukhari123@gmail.com', 'hiring@taleemabad.com', 'ayesha.khan@taleemabad.com']
2026-04-07 19:38:40 | INFO | SENT | context=job35_cv_rejection_live_hania_mir | sender=ayesha.khan@taleemabad.com | recipients=['haniamir55@gmail.com', 'hiring@taleemabad.com', 'ayesha.khan@taleemabad.com']
2026-04-07 19:38:44 | INFO | SENT | context=job35_cv_rejection_live_Saba_Manzoor | sender=ayesha.khan@taleemabad.com | recipients=['sabamanzoor909@gmail.com', 'hiring@taleemabad.com', 'ayesha.khan@taleemabad.com']
2026-04-07 19:38:47 | INFO | SENT | context=job35_cv_rejection_live_Lylla_Aslam | sender=ayesha.khan@taleemabad.com | recipients=['lyllaaslam127@gmail.com', 'hiring@taleemabad.com', 'ayesha.khan@taleemabad.com']
2026-04-07 19:38:51 | INFO | SENT | context=job35_cv_rejection_live_Asad_khan | sender=ayesha.khan@taleemabad.com | recipients=['asadkhanjadoon.ece@gmail.com', 'hiring@taleemabad.com', 'ayesha.khan@taleemabad.com']
2026-04-07 19:38:55 | INFO | SENT | context=job35_cv_rejection_live_Muhammad_Sufyan_Zamir | sender=ayesha.khan@taleemabad.com | recipients=['sufyanzamir123@gmail.com', 'hiring@taleemabad.com', 'ayesha.khan@taleemabad.com']
2026-04-07 19:38:59 | INFO | SENT | context=job35_cv_rejection_live_Hamza_Imran | sender=ayesha.khan@taleemabad.com | recipients=['hamzaimrankhan1122@gmail.com', 'hiring@taleemabad.com', 'ayesha.khan@taleemabad.com']
2026-04-07 19:39:03 | INFO | SENT | context=job35_cv_rejection_live_Zohaib_Iftikhar | sender=ayesha.khan@taleemabad.com | recipients=['zohaib.iftikhar132000@gmail.com', 'hiring@taleemabad.com', 'ayesha.khan@taleemabad.com']
2026-04-07 19:39:06 | INFO | SENT | context=job35_cv_rejection_live_Rehma_Imran | sender=ayesha.khan@taleemabad.com | recipients=['rehmaimran66@gmail.com', 'hiring@taleemabad.com', 'ayesha.khan@taleemabad.com']
2026-04-07 19:39:10 | INFO | SENT | context=job35_cv_rejection_live_Humair_Naeem | sender=ayesha.khan@taleemabad.com | recipients=['humairchauhdary@gmail.com', 'hiring@taleemabad.com', 'ayesha.khan@taleemabad.com']
2026-04-07 19:39:14 | INFO | SENT | context=job35_cv_rejection_live_Amna | sender=ayesha.khan@taleemabad.com | recipients=['amna86329@gmail.com', 'hiring@taleemabad.com', 'ayesha.khan@taleemabad.com']
2026-04-07 19:39:18 | INFO | SENT | context=job35_cv_rejection_live_Maryam_Umar | sender=ayesha.khan@taleemabad.com | recipients=['maryam.umar2011@gmail.com', 'hiring@taleemabad.com', 'ayesha.khan@taleemabad.com']
2026-04-07 19:39:22 | INFO | SENT | context=job35_cv_rejection_live_aqsa_baig | sender=ayesha.khan@taleemabad.com | recipients=['aqsabaig12345@gmail.com', 'hiring@taleemabad.com', 'ayesha.khan@taleemabad.com']
2026-04-07 19:39:26 | INFO | SENT | context=job35_cv_rejection_live_aqsa_baig | sender=ayesha.khan@taleemabad.com | recipients=['aqsabaig12345@gmail.com', 'hiring@taleemabad.com', 'ayesha.khan@taleemabad.com']
2026-04-07 19:39:30 | INFO | SENT | context=job35_cv_rejection_live_Sidra_Ishfaq | sender=ayesha.khan@taleemabad.com | recipients=['sidraishfaq@gmail.com', 'hiring@taleemabad.com', 'ayesha.khan@taleemabad.com']
2026-04-07 19:39:33 | INFO | SENT | context=job35_cv_rejection_live_Taqdees_Fatima | sender=ayesha.khan@taleemabad.com | recipients=['taqdees.f@yahoo.com', 'hiring@taleemabad.com', 'ayesha.khan@taleemabad.com']
2026-04-07 19:39:37 | INFO | SENT | context=job35_cv_rejection_live_Hassan_Yasar | sender=ayesha.khan@taleemabad.com | recipients=['link2hassanyasar@gmail.com', 'hiring@taleemabad.com', 'ayesha.khan@taleemabad.com']
2026-04-07 19:39:41 | INFO | SENT | context=job35_cv_rejection_live_Taj_Hussain | sender=ayesha.khan@taleemabad.com | recipients=['tajhusssain.qau@gmail.com', 'hiring@taleemabad.com', 'ayesha.khan@taleemabad.com']
2026-04-07 19:39:45 | INFO | SENT | context=job35_cv_rejection_live_Asma_Effendi | sender=ayesha.khan@taleemabad.com | recipients=['asmaeffendi96@outlook.com', 'hiring@taleemabad.com', 'ayesha.khan@taleemabad.com']
2026-04-07 19:39:48 | INFO | SENT | context=job35_cv_rejection_live_Hamza_Abbasi | sender=ayesha.khan@taleemabad.com | recipients=['hamza.abbasi.analytics@gmail.com', 'hiring@taleemabad.com', 'ayesha.khan@taleemabad.com']
2026-04-07 19:39:52 | INFO | SENT | context=job35_cv_rejection_live_Amina_Rashid | sender=ayesha.khan@taleemabad.com | recipients=['amnarashid44@gmail.com', 'hiring@taleemabad.com', 'ayesha.khan@taleemabad.com']
2026-04-07 19:39:57 | INFO | SENT | context=job35_cv_rejection_live_Nazia_Jabeen | sender=ayesha.khan@taleemabad.com | recipients=['naziaalam2295@gmail.com', 'hiring@taleemabad.com', 'ayesha.khan@taleemabad.com']
2026-04-07 19:40:00 | INFO | SENT | context=job35_cv_rejection_live_Aimen_Abbasi | sender=ayesha.khan@taleemabad.com | recipients=['asabbasi303@gmail.com', 'hiring@taleemabad.com', 'ayesha.khan@taleemabad.com']
2026-04-07 19:40:01 | INFO | SENT | context=job35_cv_rejection_live_Rahila_naz | sender=ayesha.khan@taleemabad.com | recipients=['nazrahila.21@gmail.com', 'hiring@taleemabad.com', 'ayesha.khan@taleemabad.com']
2026-04-07 19:40:05 | INFO | SENT | context=job35_cv_rejection_live_Syeda_Riffat_Aliya | sender=ayesha.khan@taleemabad.com | recipients=['aliyabukhari123@gmail.com', 'hiring@taleemabad.com', 'ayesha.khan@taleemabad.com']
2026-04-07 19:40:06 | INFO | SENT | context=job35_cv_rejection_live_Nabiha_Asghar | sender=ayesha.khan@taleemabad.com | recipients=['nabhia.asghar@gmail.com', 'hiring@taleemabad.com', 'ayesha.khan@taleemabad.com']
2026-04-07 19:40:08 | INFO | SENT | context=job35_cv_rejection_live_hania_mir | sender=ayesha.khan@taleemabad.com | recipients=['haniamir55@gmail.com', 'hiring@taleemabad.com', 'ayesha.khan@taleemabad.com']
2026-04-07 19:40:10 | INFO | SENT | context=job35_cv_rejection_live_Awaisra_Riaz | sender=ayesha.khan@taleemabad.com | recipients=['awaisrariaz722@gmail.com', 'hiring@taleemabad.com', 'ayesha.khan@taleemabad.com']
2026-04-07 19:40:12 | INFO | SENT | context=job35_cv_rejection_live_Saba_Manzoor | sender=ayesha.khan@taleemabad.com | recipients=['sabamanzoor909@gmail.com', 'hiring@taleemabad.com', 'ayesha.khan@taleemabad.com']
2026-04-07 19:40:14 | INFO | SENT | context=job35_cv_rejection_live_Hanniya_Fatima | sender=ayesha.khan@taleemabad.com | recipients=['hanniya400@gmail.com', 'hiring@taleemabad.com', 'ayesha.khan@taleemabad.com']
2026-04-07 19:40:16 | INFO | SENT | context=job35_cv_rejection_live_Lylla_Aslam | sender=ayesha.khan@taleemabad.com | recipients=['lyllaaslam127@gmail.com', 'hiring@taleemabad.com', 'ayesha.khan@taleemabad.com']
2026-04-07 19:40:17 | INFO | SENT | context=job35_cv_rejection_live_Saba_Manzoor | sender=ayesha.khan@taleemabad.com | recipients=['sabamanzoor909@gmail.com', 'hiring@taleemabad.com', 'ayesha.khan@taleemabad.com']
2026-04-07 19:40:20 | INFO | SENT | context=job35_cv_rejection_live_Asad_khan | sender=ayesha.khan@taleemabad.com | recipients=['asadkhanjadoon.ece@gmail.com', 'hiring@taleemabad.com', 'ayesha.khan@taleemabad.com']
2026-04-07 19:40:21 | INFO | SENT | context=job35_cv_rejection_live_RAHIM_ULLAH | sender=ayesha.khan@taleemabad.com | recipients=['ullahrahim246@yahoo.com', 'hiring@taleemabad.com', 'ayesha.khan@taleemabad.com']
2026-04-07 19:40:24 | INFO | SENT | context=job35_cv_rejection_live_Muhammad_Sufyan_Zamir | sender=ayesha.khan@taleemabad.com | recipients=['sufyanzamir123@gmail.com', 'hiring@taleemabad.com', 'ayesha.khan@taleemabad.com']
2026-04-07 19:40:26 | INFO | SENT | context=job35_cv_rejection_live_Saira_Shakoor | sender=ayesha.khan@taleemabad.com | recipients=['sairashakoor3@gmail.com', 'hiring@taleemabad.com', 'ayesha.khan@taleemabad.com']
2026-04-07 19:40:27 | INFO | SENT | context=job35_cv_rejection_live_Hamza_Imran | sender=ayesha.khan@taleemabad.com | recipients=['hamzaimrankhan1122@gmail.com', 'hiring@taleemabad.com', 'ayesha.khan@taleemabad.com']
2026-04-07 19:40:29 | INFO | SENT | context=job35_cv_rejection_live_Muhammad_Abdullah | sender=ayesha.khan@taleemabad.com | recipients=['aabdullah.studies@gmail.com', 'hiring@taleemabad.com', 'ayesha.khan@taleemabad.com']
2026-04-07 19:40:31 | INFO | SENT | context=job35_cv_rejection_live_Zohaib_Iftikhar | sender=ayesha.khan@taleemabad.com | recipients=['zohaib.iftikhar132000@gmail.com', 'hiring@taleemabad.com', 'ayesha.khan@taleemabad.com']
2026-04-07 19:40:33 | INFO | SENT | context=job35_cv_rejection_live_Usman_Ahmad | sender=ayesha.khan@taleemabad.com | recipients=['usmankonosuba@gmail.com', 'hiring@taleemabad.com', 'ayesha.khan@taleemabad.com']
2026-04-07 19:40:35 | INFO | SENT | context=job35_cv_rejection_live_Rehma_Imran | sender=ayesha.khan@taleemabad.com | recipients=['rehmaimran66@gmail.com', 'hiring@taleemabad.com', 'ayesha.khan@taleemabad.com']
2026-04-07 19:40:37 | INFO | SENT | context=job35_cv_rejection_live_Huzaifa_Mazhar | sender=ayesha.khan@taleemabad.com | recipients=['huzaifamazhar8@gmail.com', 'hiring@taleemabad.com', 'ayesha.khan@taleemabad.com']
2026-04-07 19:40:38 | INFO | SENT | context=job35_cv_rejection_live_Humair_Naeem | sender=ayesha.khan@taleemabad.com | recipients=['humairchauhdary@gmail.com', 'hiring@taleemabad.com', 'ayesha.khan@taleemabad.com']
2026-04-07 19:40:40 | INFO | SENT | context=job35_cv_rejection_live_Tooba_Zar | sender=ayesha.khan@taleemabad.com | recipients=['toobazar96@gmail.com', 'hiring@taleemabad.com', 'ayesha.khan@taleemabad.com']
2026-04-07 19:40:42 | INFO | SENT | context=job35_cv_rejection_live_Amna | sender=ayesha.khan@taleemabad.com | recipients=['amna86329@gmail.com', 'hiring@taleemabad.com', 'ayesha.khan@taleemabad.com']
2026-04-07 19:40:44 | INFO | SENT | context=job35_cv_rejection_live_Iqra_Zar | sender=ayesha.khan@taleemabad.com | recipients=['iqrazar32@gmail.com', 'hiring@taleemabad.com', 'ayesha.khan@taleemabad.com']
2026-04-07 19:40:46 | INFO | SENT | context=job35_cv_rejection_live_Maryam_Umar | sender=ayesha.khan@taleemabad.com | recipients=['maryam.umar2011@gmail.com', 'hiring@taleemabad.com', 'ayesha.khan@taleemabad.com']
2026-04-07 19:40:49 | INFO | SENT | context=job35_cv_rejection_live_Muhammad_Bilal_Shahid | sender=ayesha.khan@taleemabad.com | recipients=['Muhammadbilalshahid2003@gmail.com', 'hiring@taleemabad.com', 'ayesha.khan@taleemabad.com']
2026-04-07 19:40:50 | INFO | SENT | context=job35_cv_rejection_live_aqsa_baig | sender=ayesha.khan@taleemabad.com | recipients=['aqsabaig12345@gmail.com', 'hiring@taleemabad.com', 'ayesha.khan@taleemabad.com']
2026-04-07 19:40:52 | INFO | SENT | context=job35_cv_rejection_live_Syeda_Zahwa_Shah | sender=ayesha.khan@taleemabad.com | recipients=['dr.syedazahwashah@gmail.com', 'hiring@taleemabad.com', 'ayesha.khan@taleemabad.com']
2026-04-07 19:40:54 | INFO | SENT | context=job35_cv_rejection_live_aqsa_baig | sender=ayesha.khan@taleemabad.com | recipients=['aqsabaig12345@gmail.com', 'hiring@taleemabad.com', 'ayesha.khan@taleemabad.com']
2026-04-07 19:40:56 | INFO | SENT | context=job35_cv_rejection_live_Khushala_Rahman | sender=ayesha.khan@taleemabad.com | recipients=['khushala.rahman1@gmail.com', 'hiring@taleemabad.com', 'ayesha.khan@taleemabad.com']
2026-04-07 19:40:58 | INFO | SENT | context=job35_cv_rejection_live_Sidra_Ishfaq | sender=ayesha.khan@taleemabad.com | recipients=['sidraishfaq@gmail.com', 'hiring@taleemabad.com', 'ayesha.khan@taleemabad.com']
2026-04-07 19:41:00 | INFO | SENT | context=job35_cv_rejection_live_Huma_Jehangir | sender=ayesha.khan@taleemabad.com | recipients=['huma.jehangir@outlook.com', 'hiring@taleemabad.com', 'ayesha.khan@taleemabad.com']
2026-04-07 19:41:01 | INFO | SENT | context=job35_cv_rejection_live_Taqdees_Fatima | sender=ayesha.khan@taleemabad.com | recipients=['taqdees.f@yahoo.com', 'hiring@taleemabad.com', 'ayesha.khan@taleemabad.com']
2026-04-07 19:41:03 | INFO | SENT | context=job35_cv_rejection_live_Hunza | sender=ayesha.khan@taleemabad.com | recipients=['hunzausman66@gmail.com', 'hiring@taleemabad.com', 'ayesha.khan@taleemabad.com']
2026-04-07 19:41:05 | INFO | SENT | context=job35_cv_rejection_live_Hassan_Yasar | sender=ayesha.khan@taleemabad.com | recipients=['link2hassanyasar@gmail.com', 'hiring@taleemabad.com', 'ayesha.khan@taleemabad.com']
2026-04-07 19:41:07 | INFO | SENT | context=job35_cv_rejection_live_Ashiq_Bari | sender=ayesha.khan@taleemabad.com | recipients=['ashaqbari@gmail.com', 'hiring@taleemabad.com', 'ayesha.khan@taleemabad.com']
2026-04-07 19:41:09 | INFO | SENT | context=job35_cv_rejection_live_Taj_Hussain | sender=ayesha.khan@taleemabad.com | recipients=['tajhusssain.qau@gmail.com', 'hiring@taleemabad.com', 'ayesha.khan@taleemabad.com']
2026-04-07 19:41:12 | INFO | SENT | context=job35_cv_rejection_live_Muhammad_Khalil | sender=ayesha.khan@taleemabad.com | recipients=['mkhaliluafbrw@gmail.com', 'hiring@taleemabad.com', 'ayesha.khan@taleemabad.com']
2026-04-07 19:41:13 | INFO | SENT | context=job35_cv_rejection_live_Asma_Effendi | sender=ayesha.khan@taleemabad.com | recipients=['asmaeffendi96@outlook.com', 'hiring@taleemabad.com', 'ayesha.khan@taleemabad.com']
2026-04-07 19:41:15 | INFO | SENT | context=job35_cv_rejection_live_Hamza_Dilshad | sender=ayesha.khan@taleemabad.com | recipients=['hamzadilshad23@gmail.com', 'hiring@taleemabad.com', 'ayesha.khan@taleemabad.com']
2026-04-07 19:41:16 | INFO | SENT | context=job35_cv_rejection_live_Hamza_Abbasi | sender=ayesha.khan@taleemabad.com | recipients=['hamza.abbasi.analytics@gmail.com', 'hiring@taleemabad.com', 'ayesha.khan@taleemabad.com']
2026-04-07 19:41:19 | INFO | SENT | context=job35_cv_rejection_live_Laiba_Shaukat | sender=ayesha.khan@taleemabad.com | recipients=['laibahayat2002@gmail.com', 'hiring@taleemabad.com', 'ayesha.khan@taleemabad.com']
2026-04-07 19:41:20 | INFO | SENT | context=job35_cv_rejection_live_Amina_Rashid | sender=ayesha.khan@taleemabad.com | recipients=['amnarashid44@gmail.com', 'hiring@taleemabad.com', 'ayesha.khan@taleemabad.com']
2026-04-07 19:41:23 | INFO | SENT | context=job35_cv_rejection_live_Muhammad_Shahad | sender=ayesha.khan@taleemabad.com | recipients=['shahzadbilal418@gmail.com', 'hiring@taleemabad.com', 'ayesha.khan@taleemabad.com']
2026-04-07 19:41:24 | INFO | SENT | context=job35_cv_rejection_live_Nazia_Jabeen | sender=ayesha.khan@taleemabad.com | recipients=['naziaalam2295@gmail.com', 'hiring@taleemabad.com', 'ayesha.khan@taleemabad.com']
2026-04-07 19:41:26 | INFO | SENT | context=job35_cv_rejection_live_Eisha_Nadeem | sender=ayesha.khan@taleemabad.com | recipients=['ssc.eisha.191094@gmail.com', 'hiring@taleemabad.com', 'ayesha.khan@taleemabad.com']
2026-04-07 19:41:28 | INFO | SENT | context=job35_cv_rejection_live_Rahila_naz | sender=ayesha.khan@taleemabad.com | recipients=['nazrahila.21@gmail.com', 'hiring@taleemabad.com', 'ayesha.khan@taleemabad.com']
2026-04-07 19:41:30 | INFO | SENT | context=job35_cv_rejection_live_Muhammad_Rafay | sender=ayesha.khan@taleemabad.com | recipients=['n.muhammadrafay@gmail.com', 'hiring@taleemabad.com', 'ayesha.khan@taleemabad.com']
2026-04-07 19:41:32 | INFO | SENT | context=job35_cv_rejection_live_Nabiha_Asghar | sender=ayesha.khan@taleemabad.com | recipients=['nabhia.asghar@gmail.com', 'hiring@taleemabad.com', 'ayesha.khan@taleemabad.com']
2026-04-07 19:41:34 | INFO | SENT | context=job35_cv_rejection_live_Zainab_Tahir | sender=ayesha.khan@taleemabad.com | recipients=['zaybeequreshi@gmail.com', 'hiring@taleemabad.com', 'ayesha.khan@taleemabad.com']
2026-04-07 19:41:35 | INFO | SENT | context=job35_cv_rejection_live_Awaisra_Riaz | sender=ayesha.khan@taleemabad.com | recipients=['awaisrariaz722@gmail.com', 'hiring@taleemabad.com', 'ayesha.khan@taleemabad.com']
2026-04-07 19:41:38 | INFO | SENT | context=job35_cv_rejection_live_Ahmad_Zubair_Khan | sender=ayesha.khan@taleemabad.com | recipients=['ahmadalik2018@gmail.com', 'hiring@taleemabad.com', 'ayesha.khan@taleemabad.com']
2026-04-07 19:41:39 | INFO | SENT | context=job35_cv_rejection_live_Hanniya_Fatima | sender=ayesha.khan@taleemabad.com | recipients=['hanniya400@gmail.com', 'hiring@taleemabad.com', 'ayesha.khan@taleemabad.com']
2026-04-07 19:41:41 | INFO | SENT | context=job35_cv_rejection_live_Noor_Eeman | sender=ayesha.khan@taleemabad.com | recipients=['eeman.s.a13@gmail.com', 'hiring@taleemabad.com', 'ayesha.khan@taleemabad.com']
2026-04-07 19:41:43 | INFO | SENT | context=job35_cv_rejection_live_Saba_Manzoor | sender=ayesha.khan@taleemabad.com | recipients=['sabamanzoor909@gmail.com', 'hiring@taleemabad.com', 'ayesha.khan@taleemabad.com']
2026-04-07 19:41:45 | INFO | SENT | context=job35_cv_rejection_live_Aiman_Behzad | sender=ayesha.khan@taleemabad.com | recipients=['aimanbehzad2001@gmail.com', 'hiring@taleemabad.com', 'ayesha.khan@taleemabad.com']
2026-04-07 19:41:47 | INFO | SENT | context=job35_cv_rejection_live_RAHIM_ULLAH | sender=ayesha.khan@taleemabad.com | recipients=['ullahrahim246@yahoo.com', 'hiring@taleemabad.com', 'ayesha.khan@taleemabad.com']
2026-04-07 19:41:48 | INFO | SENT | context=job35_cv_rejection_live_Mahnoor_Altaf | sender=ayesha.khan@taleemabad.com | recipients=['mahnooraltaf6@gmail.com', 'hiring@taleemabad.com', 'ayesha.khan@taleemabad.com']
2026-04-07 19:41:50 | INFO | SENT | context=job35_cv_rejection_live_Saira_Shakoor | sender=ayesha.khan@taleemabad.com | recipients=['sairashakoor3@gmail.com', 'hiring@taleemabad.com', 'ayesha.khan@taleemabad.com']
2026-04-07 19:41:52 | INFO | SENT | context=job35_cv_rejection_live_Muhammad_Hamza | sender=ayesha.khan@taleemabad.com | recipients=['ms.242604546@imsciences.edu.pk', 'hiring@taleemabad.com', 'ayesha.khan@taleemabad.com']
2026-04-07 19:41:54 | INFO | SENT | context=job35_cv_rejection_live_Muhammad_Abdullah | sender=ayesha.khan@taleemabad.com | recipients=['aabdullah.studies@gmail.com', 'hiring@taleemabad.com', 'ayesha.khan@taleemabad.com']
2026-04-07 19:41:56 | INFO | SENT | context=job35_cv_rejection_live_Sofia_Sarfraz | sender=ayesha.khan@taleemabad.com | recipients=['sarfrazsofia@gmail.com', 'hiring@taleemabad.com', 'ayesha.khan@taleemabad.com']
2026-04-07 19:41:58 | INFO | SENT | context=job35_cv_rejection_live_Usman_Ahmad | sender=ayesha.khan@taleemabad.com | recipients=['usmankonosuba@gmail.com', 'hiring@taleemabad.com', 'ayesha.khan@taleemabad.com']
2026-04-07 19:42:00 | INFO | SENT | context=job35_cv_rejection_live_Syed_naveed_Iqbal | sender=ayesha.khan@taleemabad.com | recipients=['Naveediqbals@hotmail.com', 'hiring@taleemabad.com', 'ayesha.khan@taleemabad.com']
2026-04-07 19:42:01 | INFO | SENT | context=job35_cv_rejection_live_Huzaifa_Mazhar | sender=ayesha.khan@taleemabad.com | recipients=['huzaifamazhar8@gmail.com', 'hiring@taleemabad.com', 'ayesha.khan@taleemabad.com']
2026-04-07 19:42:04 | INFO | SENT | context=job35_cv_rejection_live_Maryam_Arshad | sender=ayesha.khan@taleemabad.com | recipients=['maryamarshadmemon@gmail.com', 'hiring@taleemabad.com', 'ayesha.khan@taleemabad.com']
2026-04-07 19:42:05 | INFO | SENT | context=job35_cv_rejection_live_Tooba_Zar | sender=ayesha.khan@taleemabad.com | recipients=['toobazar96@gmail.com', 'hiring@taleemabad.com', 'ayesha.khan@taleemabad.com']
2026-04-07 19:42:08 | INFO | SENT | context=job35_cv_rejection_live_Sumbal_bano | sender=ayesha.khan@taleemabad.com | recipients=['sumbalkhan6699@gmail.com', 'hiring@taleemabad.com', 'ayesha.khan@taleemabad.com']
2026-04-07 19:42:09 | INFO | SENT | context=job35_cv_rejection_live_Iqra_Zar | sender=ayesha.khan@taleemabad.com | recipients=['iqrazar32@gmail.com', 'hiring@taleemabad.com', 'ayesha.khan@taleemabad.com']
2026-04-07 19:42:11 | INFO | SENT | context=job35_cv_rejection_live_Sohail_Ahmad | sender=ayesha.khan@taleemabad.com | recipients=['sohailkhattak1010@gmail.com', 'hiring@taleemabad.com', 'ayesha.khan@taleemabad.com']
2026-04-07 19:42:13 | INFO | SENT | context=job35_cv_rejection_live_Muhammad_Bilal_Shahid | sender=ayesha.khan@taleemabad.com | recipients=['Muhammadbilalshahid2003@gmail.com', 'hiring@taleemabad.com', 'ayesha.khan@taleemabad.com']
2026-04-07 19:42:15 | INFO | SENT | context=job35_cv_rejection_live_Sarrosh_Fatima | sender=ayesha.khan@taleemabad.com | recipients=['sarrosh.fatima@stat.qau.edu.pk', 'hiring@taleemabad.com', 'ayesha.khan@taleemabad.com']
2026-04-07 19:42:17 | INFO | SENT | context=job35_cv_rejection_live_Syeda_Zahwa_Shah | sender=ayesha.khan@taleemabad.com | recipients=['dr.syedazahwashah@gmail.com', 'hiring@taleemabad.com', 'ayesha.khan@taleemabad.com']
2026-04-07 19:42:19 | INFO | SENT | context=job35_cv_rejection_live_Shireen_Gul | sender=ayesha.khan@taleemabad.com | recipients=['gulqazi28@gmail.com', 'hiring@taleemabad.com', 'ayesha.khan@taleemabad.com']
2026-04-07 19:42:20 | INFO | SENT | context=job35_cv_rejection_live_Khushala_Rahman | sender=ayesha.khan@taleemabad.com | recipients=['khushala.rahman1@gmail.com', 'hiring@taleemabad.com', 'ayesha.khan@taleemabad.com']
2026-04-07 19:44:00 | INFO | SENT | context=job35_cv_rejection_live_Mishaal_Zainab | sender=ayesha.khan@taleemabad.com | recipients=['mishaalshah27@gmail.com', 'hiring@taleemabad.com', 'ayesha.khan@taleemabad.com']
2026-04-07 19:44:05 | INFO | SENT | context=job35_cv_rejection_live_Anjum_Akbar | sender=ayesha.khan@taleemabad.com | recipients=['anjumakbar25@gmail.com', 'hiring@taleemabad.com', 'ayesha.khan@taleemabad.com']
2026-04-07 19:44:10 | INFO | SENT | context=job35_cv_rejection_live_Kainat_Munir | sender=ayesha.khan@taleemabad.com | recipients=['kainatmunir1203@gmail.com', 'hiring@taleemabad.com', 'ayesha.khan@taleemabad.com']
2026-04-07 19:44:17 | INFO | SENT | context=job35_cv_rejection_live_Nawal_Azam | sender=ayesha.khan@taleemabad.com | recipients=['nawalazamkhan@gmail.com', 'hiring@taleemabad.com', 'ayesha.khan@taleemabad.com']
2026-04-07 19:44:23 | INFO | SENT | context=job35_cv_rejection_live_hajra_Asghar | sender=ayesha.khan@taleemabad.com | recipients=['hajraali5@gmail.com', 'hiring@taleemabad.com', 'ayesha.khan@taleemabad.com']
2026-04-07 19:44:28 | INFO | SENT | context=job35_cv_rejection_live_Muhammad_Mustafa | sender=ayesha.khan@taleemabad.com | recipients=['muhammadmustafakhan549@gmail.com', 'hiring@taleemabad.com', 'ayesha.khan@taleemabad.com']
2026-04-07 19:44:33 | INFO | SENT | context=job35_cv_rejection_live_Hoor_ul_ain | sender=ayesha.khan@taleemabad.com | recipients=['hoorulain54@gmail.com', 'hiring@taleemabad.com', 'ayesha.khan@taleemabad.com']
2026-04-07 19:44:38 | INFO | SENT | context=job35_cv_rejection_live_talha_iftikhar | sender=ayesha.khan@taleemabad.com | recipients=['talhaiftykhar458@gmail.com', 'hiring@taleemabad.com', 'ayesha.khan@taleemabad.com']
2026-04-07 19:44:44 | INFO | SENT | context=job35_cv_rejection_live_Muhammad_Daniyal_Naeem | sender=ayesha.khan@taleemabad.com | recipients=['daniyalnaeem2377@gmail.com', 'hiring@taleemabad.com', 'ayesha.khan@taleemabad.com']
2026-04-07 19:44:49 | INFO | SENT | context=job35_cv_rejection_live_Hayat_Ahmad_Khan_Jalali | sender=ayesha.khan@taleemabad.com | recipients=['khanzadahayat7@gmail.com', 'hiring@taleemabad.com', 'ayesha.khan@taleemabad.com']
2026-04-07 19:44:54 | INFO | SENT | context=job35_cv_rejection_live_Muhammad_Zulqarnain | sender=ayesha.khan@taleemabad.com | recipients=['m.zulqarnain910@gmail.com', 'hiring@taleemabad.com', 'ayesha.khan@taleemabad.com']
2026-04-07 19:45:01 | INFO | SENT | context=job35_cv_rejection_live_AQEEL_MANSOOR | sender=ayesha.khan@taleemabad.com | recipients=['aqilms@hotmail.com', 'hiring@taleemabad.com', 'ayesha.khan@taleemabad.com']
2026-04-07 19:45:06 | INFO | SENT | context=job35_cv_rejection_live_Amad_Aziz | sender=ayesha.khan@taleemabad.com | recipients=['khanhamad16307@gmail.com', 'hiring@taleemabad.com', 'ayesha.khan@taleemabad.com']
2026-04-07 19:45:12 | INFO | SENT | context=job35_cv_rejection_live_Syed_Zashir_Muhammad_Naqvi | sender=ayesha.khan@taleemabad.com | recipients=['zashirsyed@gmail.com', 'hiring@taleemabad.com', 'ayesha.khan@taleemabad.com']
2026-04-07 19:45:17 | INFO | SENT | context=job35_cv_rejection_live_Marukh_Sindhu | sender=ayesha.khan@taleemabad.com | recipients=['marukhsundhu@gmail.com', 'hiring@taleemabad.com', 'ayesha.khan@taleemabad.com']
2026-04-07 19:45:22 | INFO | SENT | context=job35_cv_rejection_live_Ijlal_haider | sender=ayesha.khan@taleemabad.com | recipients=['ijlalhaider882@gmail.com', 'hiring@taleemabad.com', 'ayesha.khan@taleemabad.com']
2026-04-07 19:45:27 | INFO | SENT | context=job35_cv_rejection_live_Amara_Naqui | sender=ayesha.khan@taleemabad.com | recipients=['amara.naqui4@gmail.com', 'hiring@taleemabad.com', 'ayesha.khan@taleemabad.com']
2026-04-07 19:45:32 | INFO | SENT | context=job35_cv_rejection_live_MUHAMMAD_ZAHEER_ABBASI | sender=ayesha.khan@taleemabad.com | recipients=['mzaqau@gmail.com', 'hiring@taleemabad.com', 'ayesha.khan@taleemabad.com']
2026-04-07 19:45:38 | INFO | SENT | context=job35_cv_rejection_live_Qanita_Samreen | sender=ayesha.khan@taleemabad.com | recipients=['qanitasamreen@gmail.com', 'hiring@taleemabad.com', 'ayesha.khan@taleemabad.com']
2026-04-07 19:45:44 | INFO | SENT | context=job35_cv_rejection_live_Ahmed_Amer | sender=ayesha.khan@taleemabad.com | recipients=['ahmed.aamer91827@gmail.com', 'hiring@taleemabad.com', 'ayesha.khan@taleemabad.com']
2026-04-07 19:45:50 | INFO | SENT | context=job35_cv_rejection_live_Muhammad_Mustafa_Khan | sender=ayesha.khan@taleemabad.com | recipients=['mustafa911khan@gmail.com', 'hiring@taleemabad.com', 'ayesha.khan@taleemabad.com']
2026-04-07 19:45:55 | INFO | SENT | context=job35_cv_rejection_live_Nida_Ali | sender=ayesha.khan@taleemabad.com | recipients=['nidaali1120@gmail.com', 'hiring@taleemabad.com', 'ayesha.khan@taleemabad.com']
2026-04-07 19:46:00 | INFO | SENT | context=job35_cv_rejection_live_Sana_Umair | sender=ayesha.khan@taleemabad.com | recipients=['sanaumair09@gmail.com', 'hiring@taleemabad.com', 'ayesha.khan@taleemabad.com']
2026-04-07 19:46:05 | INFO | SENT | context=job35_cv_rejection_live_Syed_Imtessal_Ahsan | sender=ayesha.khan@taleemabad.com | recipients=['imtessals@gmail.com', 'hiring@taleemabad.com', 'ayesha.khan@taleemabad.com']
2026-04-07 19:46:11 | INFO | SENT | context=job35_cv_rejection_live_Basit_Ali | sender=ayesha.khan@taleemabad.com | recipients=['basitalee77@gmail.com', 'hiring@taleemabad.com', 'ayesha.khan@taleemabad.com']
2026-04-07 19:46:16 | INFO | SENT | context=job35_cv_rejection_live_Usama_Hakeem | sender=ayesha.khan@taleemabad.com | recipients=['hakeemusama007@gmail.com', 'hiring@taleemabad.com', 'ayesha.khan@taleemabad.com']
2026-04-07 19:46:21 | INFO | SENT | context=job35_cv_rejection_live_Noor_Fatima | sender=ayesha.khan@taleemabad.com | recipients=['noorfatimaj77730@gmail.con', 'hiring@taleemabad.com', 'ayesha.khan@taleemabad.com']
2026-04-07 19:46:26 | INFO | SENT | context=job35_cv_rejection_live_Muhammad_Nisar_Qasim | sender=ayesha.khan@taleemabad.com | recipients=['mnisarqasim@gmail.com', 'hiring@taleemabad.com', 'ayesha.khan@taleemabad.com']
2026-04-07 19:46:31 | INFO | SENT | context=job35_cv_rejection_live_Rabia_Mukhtar | sender=ayesha.khan@taleemabad.com | recipients=['rmukhtar450@gmail.com', 'hiring@taleemabad.com', 'ayesha.khan@taleemabad.com']
2026-04-07 19:46:36 | INFO | SENT | context=job35_cv_rejection_live_Afira_Annis | sender=ayesha.khan@taleemabad.com | recipients=['afiraannis6@gmail.com', 'hiring@taleemabad.com', 'ayesha.khan@taleemabad.com']
2026-04-07 19:47:14 | INFO | SENT | context=job35_cv_rejection_live_Afira_Annis | sender=ayesha.khan@taleemabad.com | recipients=['afiraannis6@gmail.com', 'hiring@taleemabad.com', 'ayesha.khan@taleemabad.com']
2026-04-07 19:47:20 | INFO | SENT | context=job35_cv_rejection_live_Rabia_Basri | sender=ayesha.khan@taleemabad.com | recipients=['rabiabasri0006@gmail.com', 'hiring@taleemabad.com', 'ayesha.khan@taleemabad.com']
2026-04-07 19:47:28 | INFO | SENT | context=job35_cv_rejection_live_suhail_mustafa | sender=ayesha.khan@taleemabad.com | recipients=['suhailmustafa2006@gmail.com', 'hiring@taleemabad.com', 'ayesha.khan@taleemabad.com']
2026-04-07 19:47:33 | INFO | SENT | context=job35_cv_rejection_live_Abdul_subhan | sender=ayesha.khan@taleemabad.com | recipients=['abdulsubhangormani@gmail.com', 'hiring@taleemabad.com', 'ayesha.khan@taleemabad.com']
2026-04-07 19:47:38 | INFO | SENT | context=job35_cv_rejection_live_Amir_Ghauri | sender=ayesha.khan@taleemabad.com | recipients=['ghauriatwork@gmail.com', 'hiring@taleemabad.com', 'ayesha.khan@taleemabad.com']
2026-04-07 19:47:44 | INFO | SENT | context=job35_cv_rejection_live_Javeria_Jalil_Brohi | sender=ayesha.khan@taleemabad.com | recipients=['javeria.jalil@hotmail.com', 'hiring@taleemabad.com', 'ayesha.khan@taleemabad.com']
2026-04-07 19:47:49 | INFO | SENT | context=job35_cv_rejection_live_Hafsa_Aamir | sender=ayesha.khan@taleemabad.com | recipients=['Hafsaamir2002@gmail.com', 'hiring@taleemabad.com', 'ayesha.khan@taleemabad.com']
2026-04-07 19:47:55 | INFO | SENT | context=job35_cv_rejection_live_Muhammad_Muzammil_Mateen | sender=ayesha.khan@taleemabad.com | recipients=['paniala751@gmail.com', 'hiring@taleemabad.com', 'ayesha.khan@taleemabad.com']
2026-04-07 19:48:01 | INFO | SENT | context=job35_cv_rejection_live_ZainabAshraf | sender=ayesha.khan@taleemabad.com | recipients=['zainabch579@gmail.com', 'hiring@taleemabad.com', 'ayesha.khan@taleemabad.com']
2026-04-07 19:48:08 | INFO | SENT | context=job35_cv_rejection_live_Muhammad_Adil_Memon | sender=ayesha.khan@taleemabad.com | recipients=['kaziadilmemon702@gmail.com', 'hiring@taleemabad.com', 'ayesha.khan@taleemabad.com']
2026-04-07 19:48:13 | INFO | SENT | context=job35_cv_rejection_live_Muhammad_Talha | sender=ayesha.khan@taleemabad.com | recipients=['talhakhan225588@gmail.com', 'hiring@taleemabad.com', 'ayesha.khan@taleemabad.com']
2026-04-07 19:48:19 | INFO | SENT | context=job35_cv_rejection_live_Nazia_Hayat | sender=ayesha.khan@taleemabad.com | recipients=['naziahayat92@gmail.com', 'hiring@taleemabad.com', 'ayesha.khan@taleemabad.com']
2026-04-07 19:48:24 | INFO | SENT | context=job35_cv_rejection_live_Manal_Shah | sender=ayesha.khan@taleemabad.com | recipients=['manalshah2002@gmail.com', 'hiring@taleemabad.com', 'ayesha.khan@taleemabad.com']
2026-04-07 19:48:29 | INFO | SENT | context=job35_cv_rejection_live_Abdul_Haleem | sender=ayesha.khan@taleemabad.com | recipients=['ahaleem7222@gmail.com', 'hiring@taleemabad.com', 'ayesha.khan@taleemabad.com']
2026-04-07 19:48:35 | INFO | SENT | context=job35_cv_rejection_live_Muti_Ur_Rehman | sender=ayesha.khan@taleemabad.com | recipients=['mutiurrehman004@gmail.com', 'hiring@taleemabad.com', 'ayesha.khan@taleemabad.com']
2026-04-07 19:48:40 | INFO | SENT | context=job35_cv_rejection_live_Wajeeha_rehber | sender=ayesha.khan@taleemabad.com | recipients=['wajiha.rehberali@gmail.com', 'hiring@taleemabad.com', 'ayesha.khan@taleemabad.com']
2026-04-07 19:48:45 | INFO | SENT | context=job35_cv_rejection_live_Midhat_Fatima | sender=ayesha.khan@taleemabad.com | recipients=['midhatfatima22@gmail.com', 'hiring@taleemabad.com', 'ayesha.khan@taleemabad.com']
2026-04-07 19:48:51 | INFO | SENT | context=job35_cv_rejection_live_Noor_Ul_Ezzah | sender=ayesha.khan@taleemabad.com | recipients=['noorulezzahkhan@gmail.com', 'hiring@taleemabad.com', 'ayesha.khan@taleemabad.com']
2026-04-07 19:48:56 | INFO | SENT | context=job35_cv_rejection_live_Okasha_Khan | sender=ayesha.khan@taleemabad.com | recipients=['okashachangwani@gmail.com', 'hiring@taleemabad.com', 'ayesha.khan@taleemabad.com']
2026-04-07 19:49:02 | INFO | SENT | context=job35_cv_rejection_live_Javeria_Farooq | sender=ayesha.khan@taleemabad.com | recipients=['javeria17f@gmail.com', 'hiring@taleemabad.com', 'ayesha.khan@taleemabad.com']
2026-04-07 19:49:07 | INFO | SENT | context=job35_cv_rejection_live_Naima_memoon | sender=ayesha.khan@taleemabad.com | recipients=['naima.memoon55@gmail.com', 'hiring@taleemabad.com', 'ayesha.khan@taleemabad.com']
2026-04-07 19:49:12 | INFO | SENT | context=job35_cv_rejection_live_Naima_memoon | sender=ayesha.khan@taleemabad.com | recipients=['naima.memoon55@gmail.com', 'hiring@taleemabad.com', 'ayesha.khan@taleemabad.com']
2026-04-07 19:49:17 | INFO | SENT | context=job35_cv_rejection_live_Shajia_Naqvi | sender=ayesha.khan@taleemabad.com | recipients=['shajianaqvi26@gmail.com', 'hiring@taleemabad.com', 'ayesha.khan@taleemabad.com']
2026-04-07 19:49:23 | INFO | SENT | context=job35_cv_rejection_live_Adnan_Khan | sender=ayesha.khan@taleemabad.com | recipients=['ad7772230@gmail.com', 'hiring@taleemabad.com', 'ayesha.khan@taleemabad.com']
2026-04-07 19:49:28 | INFO | SENT | context=job35_cv_rejection_live_Urooj_Fatima | sender=ayesha.khan@taleemabad.com | recipients=['urooj.mukhtaar@gmail.com', 'hiring@taleemabad.com', 'ayesha.khan@taleemabad.com']
2026-04-07 19:49:34 | INFO | SENT | context=job35_cv_rejection_live_Muhammad_Haroon_Bahlkani | sender=ayesha.khan@taleemabad.com | recipients=['bahlkani72649@yahoo.com', 'hiring@taleemabad.com', 'ayesha.khan@taleemabad.com']
2026-04-07 19:49:39 | INFO | SENT | context=job35_cv_rejection_live_Fatima_TU_Zahra | sender=ayesha.khan@taleemabad.com | recipients=['fatimatuzaharaawais@gmail.com', 'hiring@taleemabad.com', 'ayesha.khan@taleemabad.com']
2026-04-07 19:49:44 | INFO | SENT | context=job35_cv_rejection_live_Mamoona_safeer | sender=ayesha.khan@taleemabad.com | recipients=['Mamoona.safeer1997@gmail.com', 'hiring@taleemabad.com', 'ayesha.khan@taleemabad.com']
2026-04-07 19:49:50 | INFO | SENT | context=job35_cv_rejection_live_Saba_Noor | sender=ayesha.khan@taleemabad.com | recipients=['saba.shahwani999@gmail.com', 'hiring@taleemabad.com', 'ayesha.khan@taleemabad.com']
2026-04-07 19:49:55 | INFO | SENT | context=job35_cv_rejection_live_Fozia_Sadaf | sender=ayesha.khan@taleemabad.com | recipients=['foziasadaf704@gmail.com', 'hiring@taleemabad.com', 'ayesha.khan@taleemabad.com']
2026-04-07 19:50:00 | INFO | SENT | context=job35_cv_rejection_live_Muhammad_Zalan_khan | sender=ayesha.khan@taleemabad.com | recipients=['zalankhan657@gmail.com', 'hiring@taleemabad.com', 'ayesha.khan@taleemabad.com']
2026-04-07 19:50:06 | INFO | SENT | context=job35_cv_rejection_live_sufian_shafiq | sender=ayesha.khan@taleemabad.com | recipients=['khansufian58@gmail.com', 'hiring@taleemabad.com', 'ayesha.khan@taleemabad.com']
2026-04-07 19:50:12 | INFO | SENT | context=job35_cv_rejection_live_Asna_Mukhtar | sender=ayesha.khan@taleemabad.com | recipients=['asnamukhtar01@gmail.com', 'hiring@taleemabad.com', 'ayesha.khan@taleemabad.com']
2026-04-07 19:50:17 | INFO | SENT | context=job35_cv_rejection_live_Sartaj_Ali | sender=ayesha.khan@taleemabad.com | recipients=['sartaj.daulat@gmail.com', 'hiring@taleemabad.com', 'ayesha.khan@taleemabad.com']
2026-04-07 19:50:23 | INFO | SENT | context=job35_cv_rejection_live_Sabah_Khan_Tareen | sender=ayesha.khan@taleemabad.com | recipients=['khantareensabah@gmail.co.', 'hiring@taleemabad.com', 'ayesha.khan@taleemabad.com']
2026-04-07 19:50:28 | INFO | SENT | context=job35_cv_rejection_live_Aroob_Fatima | sender=ayesha.khan@taleemabad.com | recipients=['fatimaaroob0@gmail.com', 'hiring@taleemabad.com', 'ayesha.khan@taleemabad.com']
2026-04-07 19:50:33 | INFO | SENT | context=job35_cv_rejection_live_Samiullah_Jamali | sender=ayesha.khan@taleemabad.com | recipients=['samiullahjamali007@gmail.com', 'hiring@taleemabad.com', 'ayesha.khan@taleemabad.com']
2026-04-07 19:50:39 | INFO | SENT | context=job35_cv_rejection_live_Shagufta_Shaheen | sender=ayesha.khan@taleemabad.com | recipients=['shaheenshagufta73@yahoo.com', 'hiring@taleemabad.com', 'ayesha.khan@taleemabad.com']
2026-04-07 19:50:45 | INFO | SENT | context=job35_cv_rejection_live_Ali_Raza | sender=ayesha.khan@taleemabad.com | recipients=['alirazasafdar1855@gmail.com', 'hiring@taleemabad.com', 'ayesha.khan@taleemabad.com']
2026-04-07 19:50:50 | INFO | SENT | context=job35_cv_rejection_live_Saba_Sarfraz | sender=ayesha.khan@taleemabad.com | recipients=['sabasarfraz610@gmail.com', 'hiring@taleemabad.com', 'ayesha.khan@taleemabad.com']
2026-04-07 19:50:56 | INFO | SENT | context=job35_cv_rejection_live_Anila | sender=ayesha.khan@taleemabad.com | recipients=['aniladad786@gmail.com', 'hiring@taleemabad.com', 'ayesha.khan@taleemabad.com']
2026-04-07 19:51:01 | INFO | SENT | context=job35_cv_rejection_live_Shakila | sender=ayesha.khan@taleemabad.com | recipients=['ambroali161@gmail.com', 'hiring@taleemabad.com', 'ayesha.khan@taleemabad.com']
2026-04-07 19:51:06 | INFO | SENT | context=job35_cv_rejection_live_Zainab_Azhar | sender=ayesha.khan@taleemabad.com | recipients=['zainabazhar361@gmail.com', 'hiring@taleemabad.com', 'ayesha.khan@taleemabad.com']
2026-04-07 19:51:12 | INFO | SENT | context=job35_cv_rejection_live_Unzish_Qummer | sender=ayesha.khan@taleemabad.com | recipients=['unzishqammer@gmail.com', 'hiring@taleemabad.com', 'ayesha.khan@taleemabad.com']
2026-04-07 19:51:19 | INFO | SENT | context=job35_cv_rejection_live_Muqqadas_Saba | sender=ayesha.khan@taleemabad.com | recipients=['muqqadas2001@gmail.com', 'hiring@taleemabad.com', 'ayesha.khan@taleemabad.com']
2026-04-07 19:51:24 | INFO | SENT | context=job35_cv_rejection_live_Shaheer_Hussain_Qazi | sender=ayesha.khan@taleemabad.com | recipients=['Shaheer_SE@proton.me', 'hiring@taleemabad.com', 'ayesha.khan@taleemabad.com']
2026-04-07 19:51:29 | INFO | SENT | context=job35_cv_rejection_live_Nayyar_Abbas | sender=ayesha.khan@taleemabad.com | recipients=['nayyarabbasfccu@hotmail.com', 'hiring@taleemabad.com', 'ayesha.khan@taleemabad.com']
2026-04-07 19:51:35 | INFO | SENT | context=job35_cv_rejection_live_Muhammad_Afzaal | sender=ayesha.khan@taleemabad.com | recipients=['m.afzal36@yahoo.com', 'hiring@taleemabad.com', 'ayesha.khan@taleemabad.com']
2026-04-07 19:51:40 | INFO | SENT | context=job35_cv_rejection_live_Hira_Kainat | sender=ayesha.khan@taleemabad.com | recipients=['hirakainat386@gmail.com', 'hiring@taleemabad.com', 'ayesha.khan@taleemabad.com']
2026-04-07 19:51:45 | INFO | SENT | context=job35_cv_rejection_live_Fatima_Amjad | sender=ayesha.khan@taleemabad.com | recipients=['amjadfatima190@gmail.com', 'hiring@taleemabad.com', 'ayesha.khan@taleemabad.com']
2026-04-07 19:51:51 | INFO | SENT | context=job35_cv_rejection_live_Muhammad_Obaid_Ahmed | sender=ayesha.khan@taleemabad.com | recipients=['obaidahmed373@gmail.com', 'hiring@taleemabad.com', 'ayesha.khan@taleemabad.com']
2026-04-07 19:51:56 | INFO | SENT | context=job35_cv_rejection_live_Huzaifa_Rehman | sender=ayesha.khan@taleemabad.com | recipients=['huzaifa.rehman2694@gmail.com', 'hiring@taleemabad.com', 'ayesha.khan@taleemabad.com']
2026-04-07 19:52:01 | INFO | SENT | context=job35_cv_rejection_live_Sehrish_Irfan | sender=ayesha.khan@taleemabad.com | recipients=['sehrish.irfaan@gmail.com', 'hiring@taleemabad.com', 'ayesha.khan@taleemabad.com']
2026-04-07 19:52:07 | INFO | SENT | context=job35_cv_rejection_live_Muhammad_Usman | sender=ayesha.khan@taleemabad.com | recipients=['usman11socio51@gmail.com', 'hiring@taleemabad.com', 'ayesha.khan@taleemabad.com']
2026-04-07 19:52:12 | INFO | SENT | context=job35_cv_rejection_live_Asma_Malik | sender=ayesha.khan@taleemabad.com | recipients=['asmamalik24@gmail.com', 'hiring@taleemabad.com', 'ayesha.khan@taleemabad.com']
2026-04-07 19:52:19 | INFO | SENT | context=job35_cv_rejection_live_Rania_Aftab | sender=ayesha.khan@taleemabad.com | recipients=['aftabrania0@gmail.com', 'hiring@taleemabad.com', 'ayesha.khan@taleemabad.com']
2026-04-07 19:52:26 | INFO | SENT | context=job35_cv_rejection_live_Yasmeen_Nisar | sender=ayesha.khan@taleemabad.com | recipients=['yasmeennisar27@gmail.com', 'hiring@taleemabad.com', 'ayesha.khan@taleemabad.com']
2026-04-07 19:52:32 | INFO | SENT | context=job35_cv_rejection_live_Maham_Hassan | sender=ayesha.khan@taleemabad.com | recipients=['mahamh1708@gmail.com', 'hiring@taleemabad.com', 'ayesha.khan@taleemabad.com']
2026-04-07 19:52:37 | INFO | SENT | context=job35_cv_rejection_live_Eman_Arshad | sender=ayesha.khan@taleemabad.com | recipients=['aeman8466@gmail.com', 'hiring@taleemabad.com', 'ayesha.khan@taleemabad.com']
2026-04-07 19:52:43 | INFO | SENT | context=job35_cv_rejection_live_Shabbir_Hussain | sender=ayesha.khan@taleemabad.com | recipients=['Shabbir.dani@gmail.com', 'hiring@taleemabad.com', 'ayesha.khan@taleemabad.com']
2026-04-07 19:52:49 | INFO | SENT | context=job35_cv_rejection_live_Nimra_Ansa | sender=ayesha.khan@taleemabad.com | recipients=['nimrabaqir43@gmail.com', 'hiring@taleemabad.com', 'ayesha.khan@taleemabad.com']
2026-04-07 19:52:54 | INFO | SENT | context=job35_cv_rejection_live_Syed_Taha_Ahmed_Tabrez | sender=ayesha.khan@taleemabad.com | recipients=['syedtahaahmedtabrez@gmail.com', 'hiring@taleemabad.com', 'ayesha.khan@taleemabad.com']
2026-04-07 19:53:00 | INFO | SENT | context=job35_cv_rejection_live_Muzammil_Ahmed | sender=ayesha.khan@taleemabad.com | recipients=['muzurazee121@gmail.com', 'hiring@taleemabad.com', 'ayesha.khan@taleemabad.com']
2026-04-07 19:53:05 | INFO | SENT | context=job35_cv_rejection_live_Mirza_haseeb | sender=ayesha.khan@taleemabad.com | recipients=['haseebbaig990@gmail.com', 'hiring@taleemabad.com', 'ayesha.khan@taleemabad.com']
2026-04-07 19:53:10 | INFO | SENT | context=job35_cv_rejection_live_Taqdees_Javed | sender=ayesha.khan@taleemabad.com | recipients=['taqdeesjaved91@gmail.com', 'hiring@taleemabad.com', 'ayesha.khan@taleemabad.com']
2026-04-07 19:53:16 | INFO | SENT | context=job35_cv_rejection_live_Muhammad_Zain_Ul_Haq | sender=ayesha.khan@taleemabad.com | recipients=['mzainulhaq81@gmail.com', 'hiring@taleemabad.com', 'ayesha.khan@taleemabad.com']
2026-04-07 19:53:21 | INFO | SENT | context=job35_cv_rejection_live_Muhammad_Qasi | sender=ayesha.khan@taleemabad.com | recipients=['qasee.khundian@gmail.com', 'hiring@taleemabad.com', 'ayesha.khan@taleemabad.com']
2026-04-07 19:53:26 | INFO | SENT | context=job35_cv_rejection_live_Sarim_Kazi | sender=ayesha.khan@taleemabad.com | recipients=['i220673@nu.edu.pk', 'hiring@taleemabad.com', 'ayesha.khan@taleemabad.com']
2026-04-07 19:53:32 | INFO | SENT | context=job35_cv_rejection_live_Muhammad_Idrees | sender=ayesha.khan@taleemabad.com | recipients=['writetomidrees@gmail.com', 'hiring@taleemabad.com', 'ayesha.khan@taleemabad.com']
2026-04-07 19:53:38 | INFO | SENT | context=job35_cv_rejection_live_Asfand_Raheel | sender=ayesha.khan@taleemabad.com | recipients=['raoasfandraheel@gmail.com', 'hiring@taleemabad.com', 'ayesha.khan@taleemabad.com']
2026-04-07 19:53:43 | INFO | SENT | context=job35_cv_rejection_live_Sadia_Siddique | sender=ayesha.khan@taleemabad.com | recipients=['sadich61@gmail.com', 'hiring@taleemabad.com', 'ayesha.khan@taleemabad.com']
2026-04-07 19:53:49 | INFO | SENT | context=job35_cv_rejection_live_Dr_Muhammad_Farrukh | sender=ayesha.khan@taleemabad.com | recipients=['drfarrukhbds@gmail.com', 'hiring@taleemabad.com', 'ayesha.khan@taleemabad.com']
2026-04-07 19:53:54 | INFO | SENT | context=job35_cv_rejection_live_Hamza_Ali | sender=ayesha.khan@taleemabad.com | recipients=['hamzali77710@gmail.com', 'hiring@taleemabad.com', 'ayesha.khan@taleemabad.com']
2026-04-07 19:53:59 | INFO | SENT | context=job35_cv_rejection_live_Sohail_Ahmed_Khan | sender=ayesha.khan@taleemabad.com | recipients=['rajasohailahmedkhan708@gmail.com', 'hiring@taleemabad.com', 'ayesha.khan@taleemabad.com']
2026-04-07 19:54:04 | INFO | SENT | context=job35_cv_rejection_live_Usman_Durrani | sender=ayesha.khan@taleemabad.com | recipients=['usmankht2@gmail.com', 'hiring@taleemabad.com', 'ayesha.khan@taleemabad.com']
2026-04-07 19:54:09 | INFO | SENT | context=job35_cv_rejection_live_Ammara_Nayab | sender=ayesha.khan@taleemabad.com | recipients=['nayabammara17@gmail.com', 'hiring@taleemabad.com', 'ayesha.khan@taleemabad.com']
2026-04-07 19:54:15 | INFO | SENT | context=job35_cv_rejection_live_Hamna_Asim | sender=ayesha.khan@taleemabad.com | recipients=['hamnaasim63@gmail.com', 'hiring@taleemabad.com', 'ayesha.khan@taleemabad.com']
2026-04-07 19:54:20 | INFO | SENT | context=job35_cv_rejection_live_Muhammad_Saad_Fareed_Burney | sender=ayesha.khan@taleemabad.com | recipients=['saadburney10@gmail.com', 'hiring@taleemabad.com', 'ayesha.khan@taleemabad.com']
2026-04-07 19:54:25 | INFO | SENT | context=job35_cv_rejection_live_Javeria_Zahra | sender=ayesha.khan@taleemabad.com | recipients=['javeriazahra215@gmail.com', 'hiring@taleemabad.com', 'ayesha.khan@taleemabad.com']
2026-04-07 19:54:30 | INFO | SENT | context=job35_cv_rejection_live_Amina_Asim | sender=ayesha.khan@taleemabad.com | recipients=['aminaasim38@gmail.com', 'hiring@taleemabad.com', 'ayesha.khan@taleemabad.com']
2026-04-07 19:54:35 | INFO | SENT | context=job35_cv_rejection_live_Ahmar_Haseeb | sender=ayesha.khan@taleemabad.com | recipients=['ahmarhaseeb@gmail.com', 'hiring@taleemabad.com', 'ayesha.khan@taleemabad.com']
2026-04-07 19:54:38 | INFO | SENT | context=job35_cv_rejection_live_Ahmar_Haseeb | sender=ayesha.khan@taleemabad.com | recipients=['ahmarhaseeb@gmail.com', 'hiring@taleemabad.com', 'ayesha.khan@taleemabad.com']
2026-04-07 19:54:41 | INFO | SENT | context=job35_cv_rejection_live_Mubashir_Tufail | sender=ayesha.khan@taleemabad.com | recipients=['mubashirtufail786@gmail.com', 'hiring@taleemabad.com', 'ayesha.khan@taleemabad.com']
2026-04-07 19:54:43 | INFO | SENT | context=job35_cv_rejection_live_Mubashir_Tufail | sender=ayesha.khan@taleemabad.com | recipients=['mubashirtufail786@gmail.com', 'hiring@taleemabad.com', 'ayesha.khan@taleemabad.com']
2026-04-07 19:54:46 | INFO | SENT | context=job35_cv_rejection_live_Jahangir_Anwar | sender=ayesha.khan@taleemabad.com | recipients=['jahangiranwar.ja@gmail.com', 'hiring@taleemabad.com', 'ayesha.khan@taleemabad.com']
2026-04-07 19:54:49 | INFO | SENT | context=job35_cv_rejection_live_Jahangir_Anwar | sender=ayesha.khan@taleemabad.com | recipients=['jahangiranwar.ja@gmail.com', 'hiring@taleemabad.com', 'ayesha.khan@taleemabad.com']
2026-04-07 19:54:52 | INFO | SENT | context=job35_cv_rejection_live_Ahmad_Ali | sender=ayesha.khan@taleemabad.com | recipients=['ahmadali.uom2021@gmail.com', 'hiring@taleemabad.com', 'ayesha.khan@taleemabad.com']
2026-04-07 19:54:54 | INFO | SENT | context=job35_cv_rejection_live_Ahmad_Ali | sender=ayesha.khan@taleemabad.com | recipients=['ahmadali.uom2021@gmail.com', 'hiring@taleemabad.com', 'ayesha.khan@taleemabad.com']
2026-04-07 19:54:57 | INFO | SENT | context=job35_cv_rejection_live_Naila_Ahmed | sender=ayesha.khan@taleemabad.com | recipients=['nailaahmed1992@gmail.com', 'hiring@taleemabad.com', 'ayesha.khan@taleemabad.com']
2026-04-07 19:54:59 | INFO | SENT | context=job35_cv_rejection_live_Naila_Ahmed | sender=ayesha.khan@taleemabad.com | recipients=['nailaahmed1992@gmail.com', 'hiring@taleemabad.com', 'ayesha.khan@taleemabad.com']
2026-04-07 19:55:02 | INFO | SENT | context=job35_cv_rejection_live_Tehreem_Ali | sender=ayesha.khan@taleemabad.com | recipients=['tehreemaly90@gmail.com', 'hiring@taleemabad.com', 'ayesha.khan@taleemabad.com']
2026-04-07 19:55:04 | INFO | SENT | context=job35_cv_rejection_live_Tehreem_Ali | sender=ayesha.khan@taleemabad.com | recipients=['tehreemaly90@gmail.com', 'hiring@taleemabad.com', 'ayesha.khan@taleemabad.com']
2026-04-07 19:55:07 | INFO | SENT | context=job35_cv_rejection_live_Tatheer_Akbar | sender=ayesha.khan@taleemabad.com | recipients=['tatheerakbar123@gmail.com', 'hiring@taleemabad.com', 'ayesha.khan@taleemabad.com']
2026-04-07 19:55:10 | INFO | SENT | context=job35_cv_rejection_live_Tatheer_Akbar | sender=ayesha.khan@taleemabad.com | recipients=['tatheerakbar123@gmail.com', 'hiring@taleemabad.com', 'ayesha.khan@taleemabad.com']
2026-04-07 19:55:12 | INFO | SENT | context=job35_cv_rejection_live_Hammas_Ahmad_Khan | sender=ayesha.khan@taleemabad.com | recipients=['hammasahmadkhan58@gmail.com', 'hiring@taleemabad.com', 'ayesha.khan@taleemabad.com']
2026-04-07 19:55:15 | INFO | SENT | context=job35_cv_rejection_live_Hammas_Ahmad_Khan | sender=ayesha.khan@taleemabad.com | recipients=['hammasahmadkhan58@gmail.com', 'hiring@taleemabad.com', 'ayesha.khan@taleemabad.com']
2026-04-07 19:55:18 | INFO | SENT | context=job35_cv_rejection_live_Ayesha_Zahid | sender=ayesha.khan@taleemabad.com | recipients=['ayesha6zahid@gmail.com', 'hiring@taleemabad.com', 'ayesha.khan@taleemabad.com']
2026-04-07 19:55:20 | INFO | SENT | context=job35_cv_rejection_live_Ayesha_Zahid | sender=ayesha.khan@taleemabad.com | recipients=['ayesha6zahid@gmail.com', 'hiring@taleemabad.com', 'ayesha.khan@taleemabad.com']
2026-04-07 19:55:23 | INFO | SENT | context=job35_cv_rejection_live_Syed_Muhammad_Mesum | sender=ayesha.khan@taleemabad.com | recipients=['syedm.mesumabbas@gmail.com', 'hiring@taleemabad.com', 'ayesha.khan@taleemabad.com']
2026-04-07 19:55:26 | INFO | SENT | context=job35_cv_rejection_live_Syed_Muhammad_Mesum | sender=ayesha.khan@taleemabad.com | recipients=['syedm.mesumabbas@gmail.com', 'hiring@taleemabad.com', 'ayesha.khan@taleemabad.com']
2026-04-07 19:55:28 | INFO | SENT | context=job35_cv_rejection_live_Iqra_parvez | sender=ayesha.khan@taleemabad.com | recipients=['iqraparvez2005@gmail.com', 'hiring@taleemabad.com', 'ayesha.khan@taleemabad.com']
2026-04-07 19:55:31 | INFO | SENT | context=job35_cv_rejection_live_Iqra_parvez | sender=ayesha.khan@taleemabad.com | recipients=['iqraparvez2005@gmail.com', 'hiring@taleemabad.com', 'ayesha.khan@taleemabad.com']
2026-04-07 19:55:33 | INFO | SENT | context=job35_cv_rejection_live_Muhammad_Ismial | sender=ayesha.khan@taleemabad.com | recipients=['abbasiismail08@gmail.com', 'hiring@taleemabad.com', 'ayesha.khan@taleemabad.com']
2026-04-07 19:55:36 | INFO | SENT | context=job35_cv_rejection_live_Muhammad_Ismial | sender=ayesha.khan@taleemabad.com | recipients=['abbasiismail08@gmail.com', 'hiring@taleemabad.com', 'ayesha.khan@taleemabad.com']
2026-04-07 19:55:38 | INFO | SENT | context=job35_cv_rejection_live_Hira_Sayyad | sender=ayesha.khan@taleemabad.com | recipients=['hirasayyad718@gmail.com', 'hiring@taleemabad.com', 'ayesha.khan@taleemabad.com']
2026-04-07 19:55:41 | INFO | SENT | context=job35_cv_rejection_live_Hira_Sayyad | sender=ayesha.khan@taleemabad.com | recipients=['hirasayyad718@gmail.com', 'hiring@taleemabad.com', 'ayesha.khan@taleemabad.com']
2026-04-07 19:55:44 | INFO | SENT | context=job35_cv_rejection_live_Saeed_Ahmed | sender=ayesha.khan@taleemabad.com | recipients=['saeedahmed4288@gmail.com', 'hiring@taleemabad.com', 'ayesha.khan@taleemabad.com']
2026-04-07 19:55:46 | INFO | SENT | context=job35_cv_rejection_live_Saeed_Ahmed | sender=ayesha.khan@taleemabad.com | recipients=['saeedahmed4288@gmail.com', 'hiring@taleemabad.com', 'ayesha.khan@taleemabad.com']
2026-04-07 19:55:49 | INFO | SENT | context=job35_cv_rejection_live_Laiba_Ahmed | sender=ayesha.khan@taleemabad.com | recipients=['laibaahmed938@gmail.com', 'hiring@taleemabad.com', 'ayesha.khan@taleemabad.com']
2026-04-07 19:55:51 | INFO | SENT | context=job35_cv_rejection_live_Laiba_Ahmed | sender=ayesha.khan@taleemabad.com | recipients=['laibaahmed938@gmail.com', 'hiring@taleemabad.com', 'ayesha.khan@taleemabad.com']
2026-04-07 19:55:55 | INFO | SENT | context=job35_cv_rejection_live_Rameesha_Hafeez | sender=ayesha.khan@taleemabad.com | recipients=['rameesha.hafeez@outlook.com', 'hiring@taleemabad.com', 'ayesha.khan@taleemabad.com']
2026-04-07 19:55:57 | INFO | SENT | context=job35_cv_rejection_live_Rameesha_Hafeez | sender=ayesha.khan@taleemabad.com | recipients=['rameesha.hafeez@outlook.com', 'hiring@taleemabad.com', 'ayesha.khan@taleemabad.com']
2026-04-07 19:56:01 | INFO | SENT | context=job35_cv_rejection_live_Hassamuddin | sender=ayesha.khan@taleemabad.com | recipients=['hassam.mughal125@gmail.com', 'hiring@taleemabad.com', 'ayesha.khan@taleemabad.com']
2026-04-07 19:56:02 | INFO | SENT | context=job35_cv_rejection_live_Hassamuddin | sender=ayesha.khan@taleemabad.com | recipients=['hassam.mughal125@gmail.com', 'hiring@taleemabad.com', 'ayesha.khan@taleemabad.com']
2026-04-07 19:56:06 | INFO | SENT | context=job35_cv_rejection_live_Aabsha_Tasaawar | sender=ayesha.khan@taleemabad.com | recipients=['abshatasaawar321@gmail.com', 'hiring@taleemabad.com', 'ayesha.khan@taleemabad.com']
2026-04-07 19:56:08 | INFO | SENT | context=job35_cv_rejection_live_Aabsha_Tasaawar | sender=ayesha.khan@taleemabad.com | recipients=['abshatasaawar321@gmail.com', 'hiring@taleemabad.com', 'ayesha.khan@taleemabad.com']
2026-04-07 19:56:11 | INFO | SENT | context=job35_cv_rejection_live_Usama_Bin_Safeer | sender=ayesha.khan@taleemabad.com | recipients=['osaffir@gmail.com', 'hiring@taleemabad.com', 'ayesha.khan@taleemabad.com']
2026-04-07 19:56:14 | INFO | SENT | context=job35_cv_rejection_live_Usama_Bin_Safeer | sender=ayesha.khan@taleemabad.com | recipients=['osaffir@gmail.com', 'hiring@taleemabad.com', 'ayesha.khan@taleemabad.com']
2026-04-07 19:56:16 | INFO | SENT | context=job35_cv_rejection_live_urooj_iftikhar | sender=ayesha.khan@taleemabad.com | recipients=['uroojiftikhar214@gmail.com', 'hiring@taleemabad.com', 'ayesha.khan@taleemabad.com']
2026-04-07 19:56:19 | INFO | SENT | context=job35_cv_rejection_live_urooj_iftikhar | sender=ayesha.khan@taleemabad.com | recipients=['uroojiftikhar214@gmail.com', 'hiring@taleemabad.com', 'ayesha.khan@taleemabad.com']
2026-04-07 19:56:22 | INFO | SENT | context=job35_cv_rejection_live_Hadia_Akram | sender=ayesha.khan@taleemabad.com | recipients=['hadiaakram104@gmail.com', 'hiring@taleemabad.com', 'ayesha.khan@taleemabad.com']
2026-04-07 19:56:24 | INFO | SENT | context=job35_cv_rejection_live_Hadia_Akram | sender=ayesha.khan@taleemabad.com | recipients=['hadiaakram104@gmail.com', 'hiring@taleemabad.com', 'ayesha.khan@taleemabad.com']
2026-04-07 19:56:27 | INFO | SENT | context=job35_cv_rejection_live_majid_aziz | sender=ayesha.khan@taleemabad.com | recipients=['majidaziz210@gmail.com', 'hiring@taleemabad.com', 'ayesha.khan@taleemabad.com']
2026-04-07 19:56:31 | INFO | SENT | context=job35_cv_rejection_live_majid_aziz | sender=ayesha.khan@taleemabad.com | recipients=['majidaziz210@gmail.com', 'hiring@taleemabad.com', 'ayesha.khan@taleemabad.com']
2026-04-07 19:56:32 | INFO | SENT | context=job35_cv_rejection_live_Abid_Hussain | sender=ayesha.khan@taleemabad.com | recipients=['abidhussain740662@gmail.com', 'hiring@taleemabad.com', 'ayesha.khan@taleemabad.com']
2026-04-07 19:56:36 | INFO | SENT | context=job35_cv_rejection_live_Abid_Hussain | sender=ayesha.khan@taleemabad.com | recipients=['abidhussain740662@gmail.com', 'hiring@taleemabad.com', 'ayesha.khan@taleemabad.com']
2026-04-07 19:56:39 | INFO | SENT | context=job35_cv_rejection_live_Zohaib_Muhammad | sender=ayesha.khan@taleemabad.com | recipients=['zm.zunain@gmail.com', 'hiring@taleemabad.com', 'ayesha.khan@taleemabad.com']
2026-04-07 19:56:42 | INFO | SENT | context=job35_cv_rejection_live_Zohaib_Muhammad | sender=ayesha.khan@taleemabad.com | recipients=['zm.zunain@gmail.com', 'hiring@taleemabad.com', 'ayesha.khan@taleemabad.com']
2026-04-07 19:56:44 | INFO | SENT | context=job35_cv_rejection_live_Iffat_Zameer | sender=ayesha.khan@taleemabad.com | recipients=['iffatzameer3@gmail.com', 'hiring@taleemabad.com', 'ayesha.khan@taleemabad.com']
2026-04-07 19:56:47 | INFO | SENT | context=job35_cv_rejection_live_Iffat_Zameer | sender=ayesha.khan@taleemabad.com | recipients=['iffatzameer3@gmail.com', 'hiring@taleemabad.com', 'ayesha.khan@taleemabad.com']
2026-04-07 19:56:50 | INFO | SENT | context=job35_cv_rejection_live_Fatima_Atiqi | sender=ayesha.khan@taleemabad.com | recipients=['atiqifatima4@gmail.com', 'hiring@taleemabad.com', 'ayesha.khan@taleemabad.com']
2026-04-07 19:56:53 | INFO | SENT | context=job35_cv_rejection_live_Fatima_Atiqi | sender=ayesha.khan@taleemabad.com | recipients=['atiqifatima4@gmail.com', 'hiring@taleemabad.com', 'ayesha.khan@taleemabad.com']
2026-04-07 19:56:55 | INFO | SENT | context=job35_cv_rejection_live_Sara_Ali | sender=ayesha.khan@taleemabad.com | recipients=['8099.saraali@gmail.com', 'hiring@taleemabad.com', 'ayesha.khan@taleemabad.com']
2026-04-07 19:56:58 | INFO | SENT | context=job35_cv_rejection_live_Sara_Ali | sender=ayesha.khan@taleemabad.com | recipients=['8099.saraali@gmail.com', 'hiring@taleemabad.com', 'ayesha.khan@taleemabad.com']
2026-04-07 19:57:02 | INFO | SENT | context=job35_cv_rejection_live_eman_ahmad | sender=ayesha.khan@taleemabad.com | recipients=['ahmademan29@gmail.com', 'hiring@taleemabad.com', 'ayesha.khan@taleemabad.com']
2026-04-07 19:57:03 | INFO | SENT | context=job35_cv_rejection_live_eman_ahmad | sender=ayesha.khan@taleemabad.com | recipients=['ahmademan29@gmail.com', 'hiring@taleemabad.com', 'ayesha.khan@taleemabad.com']
2026-04-07 19:57:07 | INFO | SENT | context=job35_cv_rejection_live_Sohail_Ahmed | sender=ayesha.khan@taleemabad.com | recipients=['sohailbaloch18592@gmail.com', 'hiring@taleemabad.com', 'ayesha.khan@taleemabad.com']
2026-04-07 19:57:08 | INFO | SENT | context=job35_cv_rejection_live_Sohail_Ahmed | sender=ayesha.khan@taleemabad.com | recipients=['sohailbaloch18592@gmail.com', 'hiring@taleemabad.com', 'ayesha.khan@taleemabad.com']
2026-04-07 19:57:12 | INFO | SENT | context=job35_cv_rejection_live_Syed_Yamin_Ali_Kazmi | sender=ayesha.khan@taleemabad.com | recipients=['syalikazmi@gmail.com', 'hiring@taleemabad.com', 'ayesha.khan@taleemabad.com']
2026-04-07 19:57:14 | INFO | SENT | context=job35_cv_rejection_live_Syed_Yamin_Ali_Kazmi | sender=ayesha.khan@taleemabad.com | recipients=['syalikazmi@gmail.com', 'hiring@taleemabad.com', 'ayesha.khan@taleemabad.com']
2026-04-07 19:57:17 | INFO | SENT | context=job35_cv_rejection_live_Sania_Saeed | sender=ayesha.khan@taleemabad.com | recipients=['saniastch@outlook.com', 'hiring@taleemabad.com', 'ayesha.khan@taleemabad.com']
2026-04-07 19:57:19 | INFO | SENT | context=job35_cv_rejection_live_Sania_Saeed | sender=ayesha.khan@taleemabad.com | recipients=['saniastch@outlook.com', 'hiring@taleemabad.com', 'ayesha.khan@taleemabad.com']
2026-04-07 19:57:22 | INFO | SENT | context=job35_cv_rejection_live_Syed_Mohib_Ali_Zaidi | sender=ayesha.khan@taleemabad.com | recipients=['mohibali0702@gmail.com', 'hiring@taleemabad.com', 'ayesha.khan@taleemabad.com']
2026-04-07 19:57:24 | INFO | SENT | context=job35_cv_rejection_live_Syed_Mohib_Ali_Zaidi | sender=ayesha.khan@taleemabad.com | recipients=['mohibali0702@gmail.com', 'hiring@taleemabad.com', 'ayesha.khan@taleemabad.com']
2026-04-07 19:57:28 | INFO | SENT | context=job35_cv_rejection_live_Sidra_Saeed | sender=ayesha.khan@taleemabad.com | recipients=['sidrasaeed2811@gmail.com', 'hiring@taleemabad.com', 'ayesha.khan@taleemabad.com']
2026-04-07 19:57:29 | INFO | SENT | context=job35_cv_rejection_live_Sidra_Saeed | sender=ayesha.khan@taleemabad.com | recipients=['sidrasaeed2811@gmail.com', 'hiring@taleemabad.com', 'ayesha.khan@taleemabad.com']
2026-04-07 19:57:33 | INFO | SENT | context=job35_cv_rejection_live_Muhammad_Shehzad_Nadeem | sender=ayesha.khan@taleemabad.com | recipients=['shzdnadeem@gmail.com', 'hiring@taleemabad.com', 'ayesha.khan@taleemabad.com']
2026-04-07 19:57:35 | INFO | SENT | context=job35_cv_rejection_live_Muhammad_Shehzad_Nadeem | sender=ayesha.khan@taleemabad.com | recipients=['shzdnadeem@gmail.com', 'hiring@taleemabad.com', 'ayesha.khan@taleemabad.com']
2026-04-07 19:57:40 | INFO | SENT | context=job35_cv_rejection_live_Muhammad_Hassan_Ishaq | sender=ayesha.khan@taleemabad.com | recipients=['mishaq998@outlook.com', 'hiring@taleemabad.com', 'ayesha.khan@taleemabad.com']
2026-04-07 19:57:41 | INFO | SENT | context=job35_cv_rejection_live_Muhammad_Hassan_Ishaq | sender=ayesha.khan@taleemabad.com | recipients=['mishaq998@outlook.com', 'hiring@taleemabad.com', 'ayesha.khan@taleemabad.com']
2026-04-07 19:57:45 | INFO | SENT | context=job35_cv_rejection_live_Usama_Aijaz | sender=ayesha.khan@taleemabad.com | recipients=['usamaaijaz707@gmail.com', 'hiring@taleemabad.com', 'ayesha.khan@taleemabad.com']
2026-04-07 19:57:47 | INFO | SENT | context=job35_cv_rejection_live_Usama_Aijaz | sender=ayesha.khan@taleemabad.com | recipients=['usamaaijaz707@gmail.com', 'hiring@taleemabad.com', 'ayesha.khan@taleemabad.com']
